2020/06/13 23:49:53-INFO-client2:Answer of command number 1 <- 42 27> equals to 15
2020/06/13 23:50:05-INFO-client1:Answer of command number 2 <+ 24 32> equals to 56
2020/06/13 23:50:17-INFO-client2:Answer of command number 3 <* 20 29> equals to 580
2020/06/13 23:50:29-INFO-client1:Answer of command number 4 </ 6 28> equals to 0
2020/06/13 23:50:41-INFO-client2:Answer of command number 5 <+ 25 23> equals to 48
2020/06/13 23:51:17-INFO-client1:Answer of command number 8 </ 28 11> equals to 2
2020/06/13 23:51:29-INFO-client2:Answer of command number 9 <+ 44 15> equals to 59
2020/06/13 23:51:41-INFO-client1:Answer of command number 10 <- 5 4> equals to 1
2020/06/13 23:51:53-INFO-client2:Answer of command number 11 <* 18 49> equals to 882
2020/06/13 23:52:17-INFO-client2:Answer of command number 13 <+ 15 24> equals to 39
2020/06/13 23:52:29-INFO-client1:Answer of command number 14 <* 35 34> equals to 1190
2020/06/13 23:52:41-INFO-client2:Answer of command number 15 <- 20 19> equals to 1
2020/06/13 23:52:53-INFO-client1:Answer of command number 16 </ 37 15> equals to 2
2020/06/13 23:53:05-INFO-client2:Answer of command number 17 <- 38 48> equals to -10
2020/06/13 23:53:17-INFO-client1:Answer of command number 18 </ 48 16> equals to 3
2020/06/13 23:53:29-INFO-client2:Answer of command number 19 <- 43 3> equals to 40
2020/06/13 23:53:41-INFO-client1:Answer of command number 20 <+ 6 50> equals to 56
2020/06/13 23:53:53-INFO-client2:Answer of command number 21 </ 34 48> equals to 0
2020/06/13 23:54:05-INFO-client1:Answer of command number 22 </ 12 34> equals to 0
2020/06/13 23:54:41-INFO-client2:Answer of command number 25 </ 31 26> equals to 1
2020/07/03 18:41:00-INFO-client2:Answer of command number 1 <* 48 17> equals to 816
2020/07/03 18:41:12-INFO-client1:Answer of command number 2 <* 33 42> equals to 1386
2020/07/03 18:41:24-INFO-client2:Answer of command number 3 </ 42 11> equals to 3
2020/07/03 18:41:48-INFO-client2:Answer of command number 5 <- 46 35> equals to 11
2020/07/03 18:42:12-INFO-client2:Answer of command number 7 <- 50 43> equals to 7
2020/07/03 18:42:24-INFO-client1:Answer of command number 8 <+ 28 17> equals to 45
2020/07/03 18:42:36-INFO-client2:Answer of command number 9 </ 35 49> equals to 0
2020/07/03 18:43:00-INFO-client2:Answer of command number 11 <- 32 7> equals to 25
2020/07/03 18:43:24-INFO-client2:Answer of command number 13 <- 28 5> equals to 23
2020/07/03 18:43:36-INFO-client1:Answer of command number 14 <+ 3 28> equals to 31
2020/07/03 18:43:48-INFO-client2:Answer of command number 15 <+ 6 18> equals to 24
2020/07/03 18:44:00-INFO-client1:Answer of command number 16 <* 28 32> equals to 896
2020/07/03 18:44:12-INFO-client2:Answer of command number 17 </ 41 20> equals to 2
2020/07/03 18:44:24-INFO-client1:Answer of command number 18 </ 9 31> equals to 0
2020/07/03 18:44:36-INFO-client2:Answer of command number 19 <- 35 5> equals to 30
2020/07/03 18:44:48-INFO-client1:Answer of command number 20 </ 33 23> equals to 1
2020/07/03 18:45:00-INFO-client2:Answer of command number 21 <+ 36 44> equals to 80
2020/07/03 18:45:12-INFO-client1:Answer of command number 22 <* 23 48> equals to 1104
2020/07/03 18:45:24-INFO-client2:Answer of command number 23 <* 26 25> equals to 650
2020/07/03 18:45:36-INFO-client1:Answer of command number 24 <+ 48 42> equals to 90
2020/07/03 18:45:48-INFO-client2:Answer of command number 25 <* 39 18> equals to 702
